2021-04-03 22:44:16,073  INFO [main] BaseClass:63 - killing all the nodes
2021-04-03 22:44:16,079  INFO [main] BaseClass:65 - Starting appium server
2021-04-03 22:44:33,028  INFO [main] HomePage:53 - Click on skip sign button
2021-04-03 22:44:33,036  INFO [main] HomePage:58 - Verified amazon Logo is displayed
2021-04-03 22:44:34,590  INFO [main] HomePage:60 - Home page is displayed
2021-04-03 22:44:39,810  INFO [main] LoginPage:47 - Clicked on sign in to login page
2021-04-03 22:44:45,668  INFO [main] LoginPage:54 - Enter valid email id
2021-04-03 22:44:46,523  INFO [main] LoginPage:61 - click on continue
2021-04-03 22:44:50,227  INFO [main] LoginPage:68 - Enter password
2021-04-03 22:44:51,093  INFO [main] LoginPage:75 - Login to application
2021-04-03 22:44:51,094  INFO [main] HomePage:58 - Verified amazon Logo is displayed
2021-04-03 22:45:01,996  INFO [main] HomePage:60 - Home page is displayed
2021-04-03 22:45:02,140  INFO [main] SearchResultPage:43 - Verify search bar is displayed
2021-04-03 22:45:13,707  INFO [main] SearchResultPage:53 - Enter the text 65 inch TV in search bar
2021-04-03 22:45:17,786  INFO [main] SearchResultPage:59 - Search for the 65 inch TV
2021-04-03 22:45:17,922  INFO [main] SearchResultPage:64 - Verify the search result
2021-04-03 22:45:18,191  INFO [main] ProductPage:62 - Selected the product and navigated to detail page of the product
2021-04-03 22:45:18,257  INFO [main] ProductPage:64 - Verify Product page is displayed
2021-04-03 22:45:25,064  INFO [main] ProductPage:85 - Verify product details are displayed
2021-04-03 22:45:28,322  INFO [main] ProductPage:87 - The Name of the Product is : SAMSUNG 65-inch Class Crystal UHD TU-8000 Series - 4K UHD HDR Smart TV with Alexa Built-in (UN65TU8000FXZA, 2020 Model)
2021-04-03 22:45:41,072  INFO [main] ProductPage:77 - Choose the product price
2021-04-03 22:45:43,484  INFO [main] ProductPage:79 - The Name of the Product Price is : 747 
2021-04-03 22:45:56,395  INFO [main] CartPage:54 - Added the Product to Cart by Scrolling to Add Cart Section
2021-04-03 22:45:57,347  INFO [main] CartPage:57 - Navigate to the Cart menu
2021-04-03 22:46:06,604  INFO [main] CartPage:62 - Verify cart page is displayed
2021-04-03 22:46:07,060  INFO [main] CartPage:68 - Verify the product in cart page
2021-04-03 22:46:07,277  INFO [main] CartPage:70 - The Name of the Prodcut is : SAMSUNG 65-inch Class Crystal UHD TU-8000 Series - 4K UHD HDR Sm...
